;  LST file generated by mikroListExporter - v.2.0 
; Date/Time: 1/14/2025 11:08:49 PM
;----------------------------------------------

;Address Opcode 	ASM
0x0000	0x2B2C      	GOTO       812
_FIXSIGN32:
;__Lib_MathDouble.c,112 :: 		
;__Lib_MathDouble.c,116 :: 		
0x0003	0x1FFA      	BTFSS      R10, 7
;__Lib_MathDouble.c,117 :: 		
0x0004	0x13F2      	BCF        R2, 7
;__Lib_MathDouble.c,118 :: 		
0x0005	0x3000      	MOVLW      0
;__Lib_MathDouble.c,120 :: 		
L_end_FIXSIGN32:
0x0006	0x0008      	RETURN
; end of _FIXSIGN32
_SETFUN32:
;__Lib_MathDouble.c,138 :: 		
;__Lib_MathDouble.c,145 :: 		
0x0007	0x157B      	BSF        R11, 2
;__Lib_MathDouble.c,146 :: 		
0x0008	0x1FFB      	BTFSS      R11, 7
;__Lib_MathDouble.c,147 :: 		
0x0009	0x2811      	GOTO       SETFUN32EEE
;__Lib_MathDouble.c,148 :: 		
0x000A	0x3001      	MOVLW      1
;__Lib_MathDouble.c,149 :: 		
0x000B	0x00F3      	MOVWF      R3
;__Lib_MathDouble.c,150 :: 		
0x000C	0x01F2      	CLRF       R2
;__Lib_MathDouble.c,151 :: 		
0x000D	0x01F1      	CLRF       R1
;__Lib_MathDouble.c,152 :: 		
0x000E	0x01F0      	CLRF       R0
;__Lib_MathDouble.c,153 :: 		
0x000F	0x0DFA      	RLF        R10, 1
;__Lib_MathDouble.c,154 :: 		
0x0010	0x0CF2      	RRF        R2, 1
;__Lib_MathDouble.c,155 :: 		
SETFUN32EEE:
;__Lib_MathDouble.c,156 :: 		
0x0011	0x30FF      	MOVLW      255
;__Lib_MathDouble.c,158 :: 		
L_end_SETFUN32:
0x0012	0x0008      	RETURN
; end of _SETFUN32
_Div_16x16_S_L:
;__Lib_Math.c,421 :: 		
;__Lib_Math.c,427 :: 		
0x0013	0x0D71      	RLF        R1, 0
;__Lib_Math.c,428 :: 		
0x0014	0x0DF8      	RLF        R8, 1
;__Lib_Math.c,429 :: 		
0x0015	0x0DF9      	RLF        R9, 1
;__Lib_Math.c,430 :: 		
0x0016	0x0874      	MOVF       R4, 0
;__Lib_Math.c,431 :: 		
0x0017	0x02F8      	SUBWF      R8, 1
;__Lib_Math.c,432 :: 		
0x0018	0x0875      	MOVF       R5, 0
;__Lib_Math.c,433 :: 		
0x0019	0x1C03      	BTFSS      STATUS, 0
;__Lib_Math.c,434 :: 		
0x001A	0x0F75      	INCFSZ     R5, 0
;__Lib_Math.c,435 :: 		
0x001B	0x02F9      	SUBWF      R9, 1
;__Lib_Math.c,436 :: 		
0x001C	0x0DF0      	RLF        R0, 1
;__Lib_Math.c,437 :: 		
0x001D	0x0DF1      	RLF        R1, 1
;__Lib_Math.c,439 :: 		
0x001E	0x300F      	MOVLW      15
;__Lib_Math.c,440 :: 		
0x001F	0x00FC      	MOVWF      R12
;__Lib_Math.c,442 :: 		
0x0020	0x0D71      	RLF        R1, 0
;__Lib_Math.c,443 :: 		
0x0021	0x0DF8      	RLF        R8, 1
;__Lib_Math.c,444 :: 		
0x0022	0x0DF9      	RLF        R9, 1
;__Lib_Math.c,445 :: 		
0x0023	0x0874      	MOVF       R4, 0
;__Lib_Math.c,447 :: 		
0x0024	0x1C70      	BTFSS      R0, 0
;__Lib_Math.c,448 :: 		
0x0025	0x282C      	GOTO       $+7
;__Lib_Math.c,449 :: 		
0x0026	0x02F8      	SUBWF      R8, 1
;__Lib_Math.c,450 :: 		
0x0027	0x0875      	MOVF       R5, 0
;__Lib_Math.c,451 :: 		
0x0028	0x1C03      	BTFSS      STATUS, 0
;__Lib_Math.c,452 :: 		
0x0029	0x0F75      	INCFSZ     R5, 0
;__Lib_Math.c,453 :: 		
0x002A	0x02F9      	SUBWF      R9, 1
;__Lib_Math.c,454 :: 		
0x002B	0x2831      	GOTO       $+6
;__Lib_Math.c,456 :: 		
0x002C	0x07F8      	ADDWF      R8, 1
;__Lib_Math.c,457 :: 		
0x002D	0x0875      	MOVF       R5, 0
;__Lib_Math.c,458 :: 		
0x002E	0x1803      	BTFSC      STATUS, 0
;__Lib_Math.c,459 :: 		
0x002F	0x0F75      	INCFSZ     R5, 0
;__Lib_Math.c,460 :: 		
0x0030	0x07F9      	ADDWF      R9, 1
;__Lib_Math.c,462 :: 		
0x0031	0x0DF0      	RLF        R0, 1
;__Lib_Math.c,463 :: 		
0x0032	0x0DF1      	RLF        R1, 1
;__Lib_Math.c,465 :: 		
0x0033	0x0BFC      	DECFSZ     R12, 1
;__Lib_Math.c,466 :: 		
0x0034	0x2820      	GOTO       $-20
;__Lib_Math.c,468 :: 		
0x0035	0x1870      	BTFSC      R0, 0
;__Lib_Math.c,469 :: 		
0x0036	0x283D      	GOTO       $+7
;__Lib_Math.c,470 :: 		
0x0037	0x0874      	MOVF       R4, 0
;__Lib_Math.c,471 :: 		
0x0038	0x07F8      	ADDWF      R8, 1
;__Lib_Math.c,472 :: 		
0x0039	0x0875      	MOVF       R5, 0
;__Lib_Math.c,473 :: 		
0x003A	0x1803      	BTFSC      STATUS, 0
;__Lib_Math.c,474 :: 		
0x003B	0x0F75      	INCFSZ     R5, 0
;__Lib_Math.c,475 :: 		
0x003C	0x07F9      	ADDWF      R9, 1
;__Lib_Math.c,476 :: 		
0x003D	0x0000      	NOP
;__Lib_Math.c,478 :: 		
L_end_Div_16x16_S_L:
0x003E	0x0008      	RETURN
; end of _Div_16x16_S_L
_RES032:
;__Lib_MathDouble.c,123 :: 		
;__Lib_MathDouble.c,128 :: 		
0x003F	0x01F2      	CLRF       R2
;__Lib_MathDouble.c,129 :: 		
0x0040	0x01F1      	CLRF       R1
;__Lib_MathDouble.c,130 :: 		
0x0041	0x01F0      	CLRF       R0
;__Lib_MathDouble.c,131 :: 		
0x0042	0x01F8      	CLRF       R8
;__Lib_MathDouble.c,132 :: 		
0x0043	0x01F3      	CLRF       R3
;__Lib_MathDouble.c,133 :: 		
0x0044	0x3000      	MOVLW      0
;__Lib_MathDouble.c,135 :: 		
L_end_RES032:
0x0045	0x0008      	RETURN
; end of _RES032
_SETFDZ32:
;__Lib_MathDouble.c,102 :: 		
;__Lib_MathDouble.c,105 :: 		
0x0046	0x15FB      	BSF        R11, 3
;__Lib_MathDouble.c,106 :: 		
0x0047	0x30FF      	MOVLW      255
;__Lib_MathDouble.c,108 :: 		
L_end_SETFDZ32:
0x0048	0x0008      	RETURN
; end of _SETFDZ32
_SETIOV3224:
;__Lib_MathDouble.c,1000 :: 		
;__Lib_MathDouble.c,1006 :: 		
0x0049	0x147B      	BSF        R11, 0
;__Lib_MathDouble.c,1007 :: 		
0x004A	0x1FFB      	BTFSS      R11, 7
;__Lib_MathDouble.c,1008 :: 		
0x004B	0x2854      	GOTO       SETIOV3224EEE
;__Lib_MathDouble.c,1010 :: 		
0x004C	0x01F2      	CLRF       R2
;__Lib_MathDouble.c,1011 :: 		
0x004D	0x1FFA      	BTFSS      R10, 7
;__Lib_MathDouble.c,1012 :: 		
0x004E	0x30FF      	MOVLW      255
;__Lib_MathDouble.c,1013 :: 		
0x004F	0x00F2      	MOVWF      R2
;__Lib_MathDouble.c,1014 :: 		
0x0050	0x00F1      	MOVWF      R1
;__Lib_MathDouble.c,1015 :: 		
0x0051	0x00F0      	MOVWF      R0
;__Lib_MathDouble.c,1016 :: 		
0x0052	0x0DFA      	RLF        R10, 1
;__Lib_MathDouble.c,1017 :: 		
0x0053	0x0CF2      	RRF        R2, 1
;__Lib_MathDouble.c,1018 :: 		
SETIOV3224EEE:
;__Lib_MathDouble.c,1019 :: 		
0x0054	0x30FF      	MOVLW      255
;__Lib_MathDouble.c,1021 :: 		
L_end_SETIOV3224:
0x0055	0x0008      	RETURN
; end of _SETIOV3224
_SETFOV32:
;__Lib_MathDouble.c,79 :: 		
;__Lib_MathDouble.c,86 :: 		
0x0056	0x14FB      	BSF        R11, 1
;__Lib_MathDouble.c,87 :: 		
0x0057	0x1FFB      	BTFSS      R11, 7
;__Lib_MathDouble.c,88 :: 		
0x0058	0x2860      	GOTO       SETFOV32EEE
;__Lib_MathDouble.c,89 :: 		
0x0059	0x30FF      	MOVLW      255
;__Lib_MathDouble.c,90 :: 		
0x005A	0x00F3      	MOVWF      R3
;__Lib_MathDouble.c,91 :: 		
0x005B	0x00F2      	MOVWF      R2
;__Lib_MathDouble.c,92 :: 		
0x005C	0x00F1      	MOVWF      R1
;__Lib_MathDouble.c,93 :: 		
0x005D	0x00F0      	MOVWF      R0
;__Lib_MathDouble.c,94 :: 		
0x005E	0x0DFA      	RLF        R10, 1
;__Lib_MathDouble.c,95 :: 		
0x005F	0x0CF2      	RRF        R2, 1
;__Lib_MathDouble.c,96 :: 		
SETFOV32EEE:
;__Lib_MathDouble.c,97 :: 		
0x0060	0x30FF      	MOVLW      255
;__Lib_MathDouble.c,99 :: 		
L_end_SETFOV32:
0x0061	0x0008      	RETURN
; end of _SETFOV32
_Mul_16X16_U:
;__Lib_Math.c,136 :: 		
;__Lib_Math.c,143 :: 		
0x0062	0x1283      	BCF        STATUS, 5
;__Lib_Math.c,144 :: 		
0x0063	0x1303      	BCF        STATUS, 6
;__Lib_Math.c,145 :: 		
0x0064	0x01FB      	CLRF       R11
;__Lib_Math.c,146 :: 		
0x0065	0x01FA      	CLRF       R10
;__Lib_Math.c,147 :: 		
0x0066	0x01F9      	CLRF       R9
;__Lib_Math.c,148 :: 		
0x0067	0x3080      	MOVLW      128
;__Lib_Math.c,149 :: 		
0x0068	0x00F8      	MOVWF      R8
;__Lib_Math.c,150 :: 		
0x0069	0x0CF1      	RRF        R1, 1
;__Lib_Math.c,151 :: 		
0x006A	0x0CF0      	RRF        R0, 1
;__Lib_Math.c,152 :: 		
0x006B	0x1C03      	BTFSS      STATUS, 0
;__Lib_Math.c,153 :: 		
0x006C	0x2876      	GOTO       $+10
;__Lib_Math.c,154 :: 		
0x006D	0x0874      	MOVF       R4, 0
;__Lib_Math.c,155 :: 		
0x006E	0x07F9      	ADDWF      R9, 1
;__Lib_Math.c,156 :: 		
0x006F	0x0875      	MOVF       R5, 0
;__Lib_Math.c,157 :: 		
0x0070	0x1803      	BTFSC      STATUS, 0
;__Lib_Math.c,158 :: 		
0x0071	0x0F75      	INCFSZ     R5, 0
;__Lib_Math.c,159 :: 		
0x0072	0x07FA      	ADDWF      R10, 1
;__Lib_Math.c,160 :: 		
0x0073	0x1803      	BTFSC      STATUS, 0
;__Lib_Math.c,161 :: 		
0x0074	0x0AFB      	INCF       R11, 1
;__Lib_Math.c,162 :: 		
0x0075	0x1003      	BCF        STATUS, 0
;__Lib_Math.c,163 :: 		
0x0076	0x1FF0      	BTFSS      R0, 7
;__Lib_Math.c,164 :: 		
0x0077	0x287E      	GOTO       $+7
;__Lib_Math.c,165 :: 		
0x0078	0x0874      	MOVF       R4, 0
;__Lib_Math.c,166 :: 		
0x0079	0x07FA      	ADDWF      R10, 1
;__Lib_Math.c,167 :: 		
0x007A	0x0875      	MOVF       R5, 0
;__Lib_Math.c,168 :: 		
0x007B	0x1803      	BTFSC      STATUS, 0
;__Lib_Math.c,169 :: 		
0x007C	0x0F75      	INCFSZ     R5, 0
;__Lib_Math.c,170 :: 		
0x007D	0x07FB      	ADDWF      R11, 1
;__Lib_Math.c,171 :: 		
0x007E	0x0CFB      	RRF        R11, 1
;__Lib_Math.c,172 :: 		
0x007F	0x0CFA      	RRF        R10, 1
;__Lib_Math.c,173 :: 		
0x0080	0x0CF9      	RRF        R9, 1
;__Lib_Math.c,174 :: 		
0x0081	0x0CF8      	RRF        R8, 1
;__Lib_Math.c,175 :: 		
0x0082	0x1C03      	BTFSS      STATUS, 0
;__Lib_Math.c,176 :: 		
0x0083	0x2869      	GOTO       $-26
;__Lib_Math.c,177 :: 		
0x0084	0x087B      	MOVF       R11, 0
;__Lib_Math.c,178 :: 		
0x0085	0x00F3      	MOVWF      R3
;__Lib_Math.c,179 :: 		
0x0086	0x087A      	MOVF       R10, 0
;__Lib_Math.c,180 :: 		
0x0087	0x00F2      	MOVWF      R2
;__Lib_Math.c,181 :: 		
0x0088	0x0879      	MOVF       R9, 0
;__Lib_Math.c,182 :: 		
0x0089	0x00F1      	MOVWF      R1
;__Lib_Math.c,183 :: 		
0x008A	0x0878      	MOVF       R8, 0
;__Lib_Math.c,184 :: 		
0x008B	0x00F0      	MOVWF      R0
;__Lib_Math.c,187 :: 		
L_end_Mul_16X16_U:
0x008C	0x0008      	RETURN
; end of _Mul_16X16_U
_Div_16x16_S:
;__Lib_Math.c,480 :: 		
;__Lib_Math.c,488 :: 		
0x008D	0x1283      	BCF        STATUS, 5
0x008E	0x1303      	BCF        STATUS, 6
0x008F	0x0874      	MOVF       R4, 0
0x0090	0x3A00      	XORLW      0
0x0091	0x1D03      	BTFSS      STATUS, 2
0x0092	0x289C      	GOTO       L_Div_16x16_S0
;__Lib_Math.c,489 :: 		
0x0093	0x0875      	MOVF       R5, 0
0x0094	0x3A00      	XORLW      0
0x0095	0x1D03      	BTFSS      STATUS, 2
0x0096	0x289C      	GOTO       L_Div_16x16_S1
;__Lib_Math.c,490 :: 		
0x0097	0x30FF      	MOVLW      255
0x0098	0x00F0      	MOVWF      R0
;__Lib_Math.c,491 :: 		
0x0099	0x307F      	MOVLW      127
0x009A	0x00F1      	MOVWF      R1
;__Lib_Math.c,492 :: 		
0x009B	0x28F5      	GOTO       L_end_Div_16x16_S
;__Lib_Math.c,493 :: 		
L_Div_16x16_S1:
L_Div_16x16_S0:
;__Lib_Math.c,496 :: 		
0x009C	0x1283      	BCF        STATUS, 5
;__Lib_Math.c,497 :: 		
0x009D	0x1303      	BCF        STATUS, 6
;__Lib_Math.c,498 :: 		
0x009E	0x01FD      	CLRF       R13
;__Lib_Math.c,499 :: 		
0x009F	0x01F9      	CLRF       R9
;__Lib_Math.c,500 :: 		
0x00A0	0x01F8      	CLRF       R8
;__Lib_Math.c,501 :: 		
0x00A1	0x0871      	MOVF       R1, 0
;__Lib_Math.c,502 :: 		
0x00A2	0x0470      	IORWF      R0, 0
;__Lib_Math.c,503 :: 		
0x00A3	0x1903      	BTFSC      STATUS, 2
;__Lib_Math.c,504 :: 		
0x00A4	0x3400      	RETLW      0
;__Lib_Math.c,506 :: 		
0x00A5	0x0871      	MOVF       R1, 0
;__Lib_Math.c,507 :: 		
0x00A6	0x0675      	XORWF      R5, 0
;__Lib_Math.c,508 :: 		
0x00A7	0x00FA      	MOVWF      R10
;__Lib_Math.c,509 :: 		
0x00A8	0x1BFA      	BTFSC      R10, 7
;__Lib_Math.c,510 :: 		
0x00A9	0x09FD      	COMF       R13, 1
;__Lib_Math.c,512 :: 		
0x00AA	0x01FB      	CLRF       R11
;__Lib_Math.c,514 :: 		
0x00AB	0x1FF5      	BTFSS      R5, 7
;__Lib_Math.c,515 :: 		
0x00AC	0x28B2      	GOTO       $+6
;__Lib_Math.c,517 :: 		
0x00AD	0x09F4      	COMF       R4, 1
;__Lib_Math.c,518 :: 		
0x00AE	0x09F5      	COMF       R5, 1
;__Lib_Math.c,519 :: 		
0x00AF	0x0AF4      	INCF       R4, 1
;__Lib_Math.c,520 :: 		
0x00B0	0x1903      	BTFSC      STATUS, 2
;__Lib_Math.c,521 :: 		
0x00B1	0x0AF5      	INCF       R5, 1
;__Lib_Math.c,523 :: 		
0x00B2	0x1FF1      	BTFSS      R1, 7
;__Lib_Math.c,524 :: 		
0x00B3	0x28B9      	GOTO       $+6
;__Lib_Math.c,526 :: 		
0x00B4	0x09F0      	COMF       R0, 1
;__Lib_Math.c,527 :: 		
0x00B5	0x09F1      	COMF       R1, 1
;__Lib_Math.c,528 :: 		
0x00B6	0x0AF0      	INCF       R0, 1
;__Lib_Math.c,529 :: 		
0x00B7	0x1903      	BTFSC      STATUS, 2
;__Lib_Math.c,530 :: 		
0x00B8	0x0AF1      	INCF       R1, 1
;__Lib_Math.c,532 :: 		
0x00B9	0x0871      	MOVF       R1, 0
;__Lib_Math.c,533 :: 		
0x00BA	0x0475      	IORWF      R5, 0
;__Lib_Math.c,534 :: 		
0x00BB	0x00FA      	MOVWF      R10
;__Lib_Math.c,535 :: 		
0x00BC	0x1BFA      	BTFSC      R10, 7
;__Lib_Math.c,536 :: 		
0x00BD	0x28CE      	GOTO       $+17
;__Lib_Math.c,538 :: 		
0x00BE	0x2013      	CALL       _Div_16x16_S_L
;__Lib_Math.c,540 :: 		
0x00BF	0x187B      	BTFSC      R11, 0
;__Lib_Math.c,541 :: 		
0x00C0	0x28E1      	GOTO       $+33
;__Lib_Math.c,543 :: 		
0x00C1	0x1FFD      	BTFSS      R13, 7
;__Lib_Math.c,544 :: 		
0x00C2	0x3400      	RETLW      0
;__Lib_Math.c,546 :: 		
0x00C3	0x09F0      	COMF       R0, 1
;__Lib_Math.c,547 :: 		
0x00C4	0x09F1      	COMF       R1, 1
;__Lib_Math.c,548 :: 		
0x00C5	0x0AF0      	INCF       R0, 1
;__Lib_Math.c,549 :: 		
0x00C6	0x1903      	BTFSC      STATUS, 2
;__Lib_Math.c,550 :: 		
0x00C7	0x0AF1      	INCF       R1, 1
;__Lib_Math.c,552 :: 		
0x00C8	0x09F8      	COMF       R8, 1
;__Lib_Math.c,553 :: 		
0x00C9	0x09F9      	COMF       R9, 1
;__Lib_Math.c,554 :: 		
0x00CA	0x0AF8      	INCF       R8, 1
;__Lib_Math.c,555 :: 		
0x00CB	0x1903      	BTFSC      STATUS, 2
;__Lib_Math.c,556 :: 		
0x00CC	0x0AF9      	INCF       R9, 1
;__Lib_Math.c,558 :: 		
0x00CD	0x3400      	RETLW      0
;__Lib_Math.c,560 :: 		
0x00CE	0x1FF5      	BTFSS      R5, 7
;__Lib_Math.c,561 :: 		
0x00CF	0x28DD      	GOTO       $+14
;__Lib_Math.c,562 :: 		
0x00D0	0x1BF1      	BTFSC      R1, 7
;__Lib_Math.c,563 :: 		
0x00D1	0x28D9      	GOTO       $+8
;__Lib_Math.c,564 :: 		
0x00D2	0x0871      	MOVF       R1, 0
;__Lib_Math.c,565 :: 		
0x00D3	0x00F9      	MOVWF      R9
;__Lib_Math.c,566 :: 		
0x00D4	0x0870      	MOVF       R0, 0
;__Lib_Math.c,567 :: 		
0x00D5	0x00F8      	MOVWF      R8
;__Lib_Math.c,568 :: 		
0x00D6	0x01F1      	CLRF       R1
;__Lib_Math.c,569 :: 		
0x00D7	0x01F0      	CLRF       R0
;__Lib_Math.c,570 :: 		
0x00D8	0x28C1      	GOTO       $-23
;__Lib_Math.c,571 :: 		
0x00D9	0x01F1      	CLRF       R1
;__Lib_Math.c,572 :: 		
0x00DA	0x01F0      	CLRF       R0
;__Lib_Math.c,573 :: 		
0x00DB	0x0AF0      	INCF       R0, 1
;__Lib_Math.c,574 :: 		
0x00DC	0x3400      	RETLW      0
;__Lib_Math.c,576 :: 		
0x00DD	0x09F1      	COMF       R1, 1
;__Lib_Math.c,577 :: 		
0x00DE	0x09F0      	COMF       R0, 1
;__Lib_Math.c,578 :: 		
0x00DF	0x0AFB      	INCF       R11, 1
;__Lib_Math.c,579 :: 		
0x00E0	0x28BE      	GOTO       $-34
;__Lib_Math.c,581 :: 		
0x00E1	0x0AF8      	INCF       R8, 1
;__Lib_Math.c,582 :: 		
0x00E2	0x1903      	BTFSC      STATUS, 2
;__Lib_Math.c,583 :: 		
0x00E3	0x0AF9      	INCF       R9, 1
;__Lib_Math.c,584 :: 		
0x00E4	0x0874      	MOVF       R4, 0
;__Lib_Math.c,585 :: 		
0x00E5	0x0278      	SUBWF      R8, 0
;__Lib_Math.c,586 :: 		
0x00E6	0x1D03      	BTFSS      STATUS, 2
;__Lib_Math.c,587 :: 		
0x00E7	0x28C1      	GOTO       $-38
;__Lib_Math.c,588 :: 		
0x00E8	0x0875      	MOVF       R5, 0
;__Lib_Math.c,589 :: 		
0x00E9	0x0279      	SUBWF      R9, 0
;__Lib_Math.c,590 :: 		
0x00EA	0x1D03      	BTFSS      STATUS, 2
;__Lib_Math.c,591 :: 		
0x00EB	0x28C1      	GOTO       $-42
;__Lib_Math.c,592 :: 		
0x00EC	0x01F9      	CLRF       R9
;__Lib_Math.c,593 :: 		
0x00ED	0x01F8      	CLRF       R8
;__Lib_Math.c,594 :: 		
0x00EE	0x0AF0      	INCF       R0, 1
;__Lib_Math.c,595 :: 		
0x00EF	0x1903      	BTFSC      STATUS, 2
;__Lib_Math.c,596 :: 		
0x00F0	0x0AF1      	INCF       R1, 1
;__Lib_Math.c,597 :: 		
0x00F1	0x1FF1      	BTFSS      R1, 7
;__Lib_Math.c,598 :: 		
0x00F2	0x28C1      	GOTO       $-49
;__Lib_Math.c,599 :: 		
0x00F3	0x0000      	NOP
;__Lib_Math.c,600 :: 		
0x00F4	0x34FF      	RETLW      255
;__Lib_Math.c,602 :: 		
L_end_Div_16x16_S:
0x00F5	0x0008      	RETURN
; end of _Div_16x16_S
_NRM3232:
;__Lib_MathDouble.c,167 :: 		
;__Lib_MathDouble.c,173 :: 		
;__Lib_MathDouble.c,175 :: 		
0x00F6	0x01A0      	CLRF       __math_tempbD
;__Lib_MathDouble.c,176 :: 		
0x00F7	0x0872      	MOVF       R2, 0
;__Lib_MathDouble.c,177 :: 		
0x00F8	0x1D03      	BTFSS      STATUS, 2
;__Lib_MathDouble.c,178 :: 		
0x00F9	0x290B      	GOTO       NORM3232
;__Lib_MathDouble.c,179 :: 		
0x00FA	0x0871      	MOVF       R1, 0
;__Lib_MathDouble.c,180 :: 		
0x00FB	0x00F2      	MOVWF      R2
;__Lib_MathDouble.c,181 :: 		
0x00FC	0x0870      	MOVF       R0, 0
;__Lib_MathDouble.c,182 :: 		
0x00FD	0x00F1      	MOVWF      R1
;__Lib_MathDouble.c,183 :: 		
0x00FE	0x01F0      	CLRF       R0
;__Lib_MathDouble.c,184 :: 		
0x00FF	0x15A0      	BSF        __math_tempbD, 3
;__Lib_MathDouble.c,186 :: 		
0x0100	0x0872      	MOVF       R2, 0
;__Lib_MathDouble.c,187 :: 		
0x0101	0x1D03      	BTFSS      STATUS, 2
;__Lib_MathDouble.c,188 :: 		
0x0102	0x290B      	GOTO       NORM3232
;__Lib_MathDouble.c,189 :: 		
0x0103	0x0871      	MOVF       R1, 0
;__Lib_MathDouble.c,190 :: 		
0x0104	0x00F2      	MOVWF      R2
;__Lib_MathDouble.c,191 :: 		
0x0105	0x01F1      	CLRF       R1
;__Lib_MathDouble.c,192 :: 		
0x0106	0x11A0      	BCF        __math_tempbD, 3
;__Lib_MathDouble.c,193 :: 		
0x0107	0x1620      	BSF        __math_tempbD, 4
;__Lib_MathDouble.c,195 :: 		
0x0108	0x0872      	MOVF       R2, 0
;__Lib_MathDouble.c,196 :: 		
0x0109	0x1903      	BTFSC      STATUS, 2
;__Lib_MathDouble.c,197 :: 		
0x010A	0x2919      	GOTO       JPNRES032
;__Lib_MathDouble.c,198 :: 		
NORM3232:
;__Lib_MathDouble.c,199 :: 		
0x010B	0x0820      	MOVF       __math_tempbD, 0
;__Lib_MathDouble.c,200 :: 		
0x010C	0x02F3      	SUBWF      R3, 1
;__Lib_MathDouble.c,201 :: 		
0x010D	0x1D03      	BTFSS      STATUS, 2
;__Lib_MathDouble.c,202 :: 		
0x010E	0x1C03      	BTFSS      STATUS, 0
;__Lib_MathDouble.c,203 :: 		
0x010F	0x291D      	GOTO       JPNSETFUN32
;__Lib_MathDouble.c,204 :: 		
0x0110	0x1003      	BCF        STATUS, 0
;__Lib_MathDouble.c,205 :: 		
NORM3232A:
;__Lib_MathDouble.c,206 :: 		
0x0111	0x1BF2      	BTFSC      R2, 7
;__Lib_MathDouble.c,207 :: 		
0x0112	0x2921      	GOTO       JMPNFIXSIGN32
;__Lib_MathDouble.c,208 :: 		
0x0113	0x0DF0      	RLF        R0, 1
;__Lib_MathDouble.c,209 :: 		
0x0114	0x0DF1      	RLF        R1, 1
;__Lib_MathDouble.c,210 :: 		
0x0115	0x0DF2      	RLF        R2, 1
;__Lib_MathDouble.c,211 :: 		
0x0116	0x0BF3      	DECFSZ     R3, 1
;__Lib_MathDouble.c,212 :: 		
0x0117	0x2911      	GOTO       NORM3232A
;__Lib_MathDouble.c,213 :: 		
0x0118	0x291D      	GOTO       JPNSETFUN32
;__Lib_MathDouble.c,214 :: 		
JPNRES032:
;__Lib_MathDouble.c,215 :: 		
0x0119	0x3001      	MOVLW      1
;__Lib_MathDouble.c,216 :: 		
0x011A	0x00FC      	MOVWF      R12
;__Lib_MathDouble.c,218 :: 		
0x011B	0x203F      	CALL       _RES032
;__Lib_MathDouble.c,220 :: 		
0x011C	0x2924      	GOTO       NORM32EEE
;__Lib_MathDouble.c,221 :: 		
JPNSETFUN32:
;__Lib_MathDouble.c,222 :: 		
0x011D	0x3002      	MOVLW      2
;__Lib_MathDouble.c,223 :: 		
0x011E	0x00FC      	MOVWF      R12
;__Lib_MathDouble.c,225 :: 		
0x011F	0x2007      	CALL       _SETFUN32
;__Lib_MathDouble.c,227 :: 		
0x0120	0x2924      	GOTO       NORM32EEE
;__Lib_MathDouble.c,228 :: 		
JMPNFIXSIGN32:
;__Lib_MathDouble.c,229 :: 		
0x0121	0x3004      	MOVLW      4
;__Lib_MathDouble.c,230 :: 		
0x0122	0x00FC      	MOVWF      R12
;__Lib_MathDouble.c,232 :: 		
0x0123	0x2003      	CALL       _FIXSIGN32
;__Lib_MathDouble.c,234 :: 		
NORM32EEE:
;__Lib_MathDouble.c,236 :: 		
L_end_NRM3232:
0x0124	0x0008      	RETURN
; end of _NRM3232
_word2double:
;__Lib_MathDouble.c,1862 :: 		
;__Lib_MathDouble.c,1868 :: 		
0x0125	0x1283      	BCF        STATUS, 5
;__Lib_MathDouble.c,1869 :: 		
0x0126	0x1303      	BCF        STATUS, 6
;__Lib_MathDouble.c,1870 :: 		
0x0127	0x0870      	MOVF       R0, 0
;__Lib_MathDouble.c,1871 :: 		
0x0128	0x00F8      	MOVWF      R8
;__Lib_MathDouble.c,1872 :: 		
0x0129	0x0871      	MOVF       R1, 0
;__Lib_MathDouble.c,1873 :: 		
0x012A	0x00F0      	MOVWF      R0
;__Lib_MathDouble.c,1874 :: 		
0x012B	0x01F1      	CLRF       R1
;__Lib_MathDouble.c,1875 :: 		
0x012C	0x01F2      	CLRF       R2
;__Lib_MathDouble.c,1876 :: 		
0x012D	0x01F3      	CLRF       R3
;__Lib_MathDouble.c,1879 :: 		
0x012E	0x01FB      	CLRF       R11
;__Lib_MathDouble.c,1880 :: 		
0x012F	0x01FC      	CLRF       R12
;__Lib_MathDouble.c,1882 :: 		
0x0130	0x3096      	MOVLW      150
;__Lib_MathDouble.c,1883 :: 		
0x0131	0x00F3      	MOVWF      R3
;__Lib_MathDouble.c,1884 :: 		
0x0132	0x01FA      	CLRF       R10
;__Lib_MathDouble.c,1886 :: 		
0x0133	0x0870      	MOVF       R0, 0
;__Lib_MathDouble.c,1887 :: 		
0x0134	0x00F1      	MOVWF      R1
;__Lib_MathDouble.c,1888 :: 		
0x0135	0x0878      	MOVF       R8, 0
;__Lib_MathDouble.c,1889 :: 		
0x0136	0x00F0      	MOVWF      R0
;__Lib_MathDouble.c,1890 :: 		
0x0137	0x01F8      	CLRF       R8
;__Lib_MathDouble.c,1891 :: 		
0x0138	0x01F2      	CLRF       R2
;__Lib_MathDouble.c,1893 :: 		
0x0139	0x20F6      	CALL       _NRM3232
;__Lib_MathDouble.c,1894 :: 		
L_end_word2double:
0x013A	0x0008      	RETURN
; end of _word2double
_setupPWM:
;MyProject.c,26 :: 		void setupPWM() {
;MyProject.c,27 :: 		TRISC.F2 = 0;           // Set RC2 as output
0x013B	0x1683      	BSF        STATUS, 5
0x013C	0x1303      	BCF        STATUS, 6
0x013D	0x1107      	BCF        TRISC, 2
;MyProject.c,28 :: 		CCP1CON = 0x0C;         // Configure CCP1 module in PWM mode
0x013E	0x300C      	MOVLW      12
0x013F	0x1283      	BCF        STATUS, 5
0x0140	0x0097      	MOVWF      CCP1CON
;MyProject.c,29 :: 		T2CON = 0x04;           // Enable Timer2 with prescaler = 1
0x0141	0x3004      	MOVLW      4
0x0142	0x0092      	MOVWF      T2CON
;MyProject.c,30 :: 		PR2 = 249;              // Set PWM frequency to 50 Hz (20 ms period)
0x0143	0x30F9      	MOVLW      249
0x0144	0x1683      	BSF        STATUS, 5
0x0145	0x0092      	MOVWF      PR2
;MyProject.c,31 :: 		CCPR1L = 0;             // Initialize duty cycle to 0
0x0146	0x1283      	BCF        STATUS, 5
0x0147	0x0195      	CLRF       CCPR1L
;MyProject.c,33 :: 		}
L_end_setupPWM:
0x0148	0x0008      	RETURN
; end of _setupPWM
_moveServo:
;MyProject.c,134 :: 		void moveServo(int angle) {
;MyProject.c,141 :: 		duty = ((1000 + (angle * 1000 / 180)) * 1024) / 20000;
0x0149	0x1283      	BCF        STATUS, 5
0x014A	0x1303      	BCF        STATUS, 6
0x014B	0x0825      	MOVF       FARG_moveServo_angle, 0
0x014C	0x00F0      	MOVWF      R0
0x014D	0x0826      	MOVF       FARG_moveServo_angle+1, 0
0x014E	0x00F1      	MOVWF      R0+1
0x014F	0x30E8      	MOVLW      232
0x0150	0x00F4      	MOVWF      R4
0x0151	0x3003      	MOVLW      3
0x0152	0x00F5      	MOVWF      R4+1
0x0153	0x2062      	CALL       _Mul_16X16_U
0x0154	0x30B4      	MOVLW      180
0x0155	0x00F4      	MOVWF      R4
0x0156	0x01F5      	CLRF       R4+1
0x0157	0x208D      	CALL       _Div_16x16_S
0x0158	0x0870      	MOVF       R0, 0
0x0159	0x3EE8      	ADDLW      232
0x015A	0x00F3      	MOVWF      R3
0x015B	0x3003      	MOVLW      3
0x015C	0x1803      	BTFSC      STATUS, 0
0x015D	0x3E01      	ADDLW      1
0x015E	0x0771      	ADDWF      R0+1, 0
0x015F	0x00F4      	MOVWF      R3+1
0x0160	0x300A      	MOVLW      10
0x0161	0x00F2      	MOVWF      R2
0x0162	0x0873      	MOVF       R3, 0
0x0163	0x00F0      	MOVWF      R0
0x0164	0x0874      	MOVF       R3+1, 0
0x0165	0x00F1      	MOVWF      R0+1
0x0166	0x0872      	MOVF       R2, 0
L__moveServo37:
0x0167	0x1903      	BTFSC      STATUS, 2
0x0168	0x296E      	GOTO       L__moveServo38
0x0169	0x0DF0      	RLF        R0, 1
0x016A	0x0DF1      	RLF        R0+1, 1
0x016B	0x1070      	BCF        R0, 0
0x016C	0x3EFF      	ADDLW      255
0x016D	0x2967      	GOTO       L__moveServo37
L__moveServo38:
0x016E	0x3020      	MOVLW      32
0x016F	0x00F4      	MOVWF      R4
0x0170	0x304E      	MOVLW      78
0x0171	0x00F5      	MOVWF      R4+1
0x0172	0x208D      	CALL       _Div_16x16_S
;MyProject.c,143 :: 		CCPR1L = duty >> 2;      // Set upper 8 bits of duty cycle
0x0173	0x0870      	MOVF       R0, 0
0x0174	0x00F2      	MOVWF      R2
0x0175	0x0871      	MOVF       R0+1, 0
0x0176	0x00F3      	MOVWF      R2+1
0x0177	0x0CF3      	RRF        R2+1, 1
0x0178	0x0CF2      	RRF        R2, 1
0x0179	0x13F3      	BCF        R2+1, 7
0x017A	0x0CF3      	RRF        R2+1, 1
0x017B	0x0CF2      	RRF        R2, 1
0x017C	0x13F3      	BCF        R2+1, 7
0x017D	0x0872      	MOVF       R2, 0
0x017E	0x0095      	MOVWF      CCPR1L
;MyProject.c,144 :: 		CCP1CON &= 0xCF;         // Clear lower 2 bits
0x017F	0x30CF      	MOVLW      207
0x0180	0x0597      	ANDWF      CCP1CON, 1
;MyProject.c,145 :: 		CCP1CON |= (duty & 0x03) << 4;  // Set lower 2 bits of duty cycle
0x0181	0x3003      	MOVLW      3
0x0182	0x0570      	ANDWF      R0, 0
0x0183	0x00F2      	MOVWF      R2
0x0184	0x0872      	MOVF       R2, 0
0x0185	0x00F0      	MOVWF      R0
0x0186	0x0DF0      	RLF        R0, 1
0x0187	0x1070      	BCF        R0, 0
0x0188	0x0DF0      	RLF        R0, 1
0x0189	0x1070      	BCF        R0, 0
0x018A	0x0DF0      	RLF        R0, 1
0x018B	0x1070      	BCF        R0, 0
0x018C	0x0DF0      	RLF        R0, 1
0x018D	0x1070      	BCF        R0, 0
0x018E	0x0870      	MOVF       R0, 0
0x018F	0x0497      	IORWF      CCP1CON, 1
;MyProject.c,146 :: 		}
L_end_moveServo:
0x0190	0x0008      	RETURN
; end of _moveServo
_double2word:
;__Lib_MathDouble.c,1529 :: 		
;__Lib_MathDouble.c,1536 :: 		
0x0191	0x1283      	BCF        STATUS, 5
;__Lib_MathDouble.c,1537 :: 		
0x0192	0x1303      	BCF        STATUS, 6
;__Lib_MathDouble.c,1539 :: 		
0x0193	0x01FB      	CLRF       R11
;__Lib_MathDouble.c,1540 :: 		
0x0194	0x01FC      	CLRF       R12
;__Lib_MathDouble.c,1541 :: 		
0x0195	0x01FA      	CLRF       R10
;__Lib_MathDouble.c,1543 :: 		
0x0196	0x0873      	MOVF       R3, 0
;__Lib_MathDouble.c,1544 :: 		
0x0197	0x1903      	BTFSC      STATUS, 2
;__Lib_MathDouble.c,1545 :: 		
0x0198	0x29D0      	GOTO       IRES016U
;__Lib_MathDouble.c,1547 :: 		
0x0199	0x17F2      	BSF        R2, 7
;__Lib_MathDouble.c,1549 :: 		
0x019A	0x308E      	MOVLW      142
;__Lib_MathDouble.c,1550 :: 		
0x019B	0x02F3      	SUBWF      R3, 1
;__Lib_MathDouble.c,1551 :: 		
0x019C	0x1BF3      	BTFSC      R3, 7
;__Lib_MathDouble.c,1552 :: 		
0x019D	0x29A1      	GOTO       SETEXP16U
;__Lib_MathDouble.c,1553 :: 		
0x019E	0x1903      	BTFSC      STATUS, 2
;__Lib_MathDouble.c,1554 :: 		
0x019F	0x29A1      	GOTO       SETEXP16U
;__Lib_MathDouble.c,1555 :: 		
0x01A0	0x29D3      	GOTO       SETIOV16U
;__Lib_MathDouble.c,1556 :: 		
SETEXP16U:
;__Lib_MathDouble.c,1557 :: 		
0x01A1	0x09F3      	COMF       R3, 1
;__Lib_MathDouble.c,1558 :: 		
0x01A2	0x0AF3      	INCF       R3, 1
;__Lib_MathDouble.c,1560 :: 		
0x01A3	0x3008      	MOVLW      8
;__Lib_MathDouble.c,1561 :: 		
0x01A4	0x0273      	SUBWF      R3, 0
;__Lib_MathDouble.c,1562 :: 		
0x01A5	0x1C03      	BTFSS      STATUS, 0
;__Lib_MathDouble.c,1563 :: 		
0x01A6	0x29B6      	GOTO       TSHIFT3216U
;__Lib_MathDouble.c,1564 :: 		
0x01A7	0x00F3      	MOVWF      R3
;__Lib_MathDouble.c,1565 :: 		
0x01A8	0x0DF1      	RLF        R1, 1
;__Lib_MathDouble.c,1566 :: 		
0x01A9	0x0872      	MOVF       R2, 0
;__Lib_MathDouble.c,1567 :: 		
0x01AA	0x00F1      	MOVWF      R1
;__Lib_MathDouble.c,1568 :: 		
0x01AB	0x01F2      	CLRF       R2
;__Lib_MathDouble.c,1570 :: 		
0x01AC	0x3008      	MOVLW      8
;__Lib_MathDouble.c,1571 :: 		
0x01AD	0x0273      	SUBWF      R3, 0
;__Lib_MathDouble.c,1572 :: 		
0x01AE	0x1C03      	BTFSS      STATUS, 0
;__Lib_MathDouble.c,1573 :: 		
0x01AF	0x29B6      	GOTO       TSHIFT3216U
;__Lib_MathDouble.c,1574 :: 		
0x01B0	0x0DF1      	RLF        R1, 1
;__Lib_MathDouble.c,1575 :: 		
0x01B1	0x01F1      	CLRF       R1
;__Lib_MathDouble.c,1577 :: 		
0x01B2	0x0873      	MOVF       R3, 0
;__Lib_MathDouble.c,1578 :: 		
0x01B3	0x1D03      	BTFSS      STATUS, 2
;__Lib_MathDouble.c,1579 :: 		
0x01B4	0x1003      	BCF        STATUS, 0
;__Lib_MathDouble.c,1580 :: 		
0x01B5	0x29BE      	GOTO       SHIFT3216UOK
;__Lib_MathDouble.c,1581 :: 		
TSHIFT3216U:
;__Lib_MathDouble.c,1582 :: 		
0x01B6	0x0873      	MOVF       R3, 0
;__Lib_MathDouble.c,1583 :: 		
0x01B7	0x1903      	BTFSC      STATUS, 2
;__Lib_MathDouble.c,1584 :: 		
0x01B8	0x29BE      	GOTO       SHIFT3216UOK
;__Lib_MathDouble.c,1585 :: 		
SHIFT3216U:
;__Lib_MathDouble.c,1586 :: 		
0x01B9	0x1003      	BCF        STATUS, 0
;__Lib_MathDouble.c,1587 :: 		
0x01BA	0x0CF2      	RRF        R2, 1
;__Lib_MathDouble.c,1588 :: 		
0x01BB	0x0CF1      	RRF        R1, 1
;__Lib_MathDouble.c,1589 :: 		
0x01BC	0x0BF3      	DECFSZ     R3, 1
;__Lib_MathDouble.c,1590 :: 		
0x01BD	0x29B9      	GOTO       SHIFT3216U
;__Lib_MathDouble.c,1591 :: 		
SHIFT3216UOK:
;__Lib_MathDouble.c,1592 :: 		
0x01BE	0x1B7B      	BTFSC      R11, 6
;__Lib_MathDouble.c,1593 :: 		
0x01BF	0x1C71      	BTFSS      R1, 0
;__Lib_MathDouble.c,1594 :: 		
0x01C0	0x29C8      	GOTO       INT3216UOK
;__Lib_MathDouble.c,1595 :: 		
0x01C1	0x1C03      	BTFSS      STATUS, 0
;__Lib_MathDouble.c,1596 :: 		
0x01C2	0x29C8      	GOTO       INT3216UOK
;__Lib_MathDouble.c,1597 :: 		
0x01C3	0x0AF1      	INCF       R1, 1
;__Lib_MathDouble.c,1598 :: 		
0x01C4	0x1903      	BTFSC      STATUS, 2
;__Lib_MathDouble.c,1599 :: 		
0x01C5	0x0AF2      	INCF       R2, 1
;__Lib_MathDouble.c,1600 :: 		
0x01C6	0x1BF2      	BTFSC      R2, 7
;__Lib_MathDouble.c,1601 :: 		
0x01C7	0x29DF      	GOTO       JPKSETIOV3224
;__Lib_MathDouble.c,1602 :: 		
INT3216UOK:
;__Lib_MathDouble.c,1603 :: 		
0x01C8	0x1FFA      	BTFSS      R10, 7
;__Lib_MathDouble.c,1604 :: 		
0x01C9	0x29E2      	GOTO       INT3216UEOK
;__Lib_MathDouble.c,1606 :: 		
0x01CA	0x09F2      	COMF       R2, 1
;__Lib_MathDouble.c,1607 :: 		
0x01CB	0x09F1      	COMF       R1, 1
;__Lib_MathDouble.c,1608 :: 		
0x01CC	0x0AF1      	INCF       R1, 1
;__Lib_MathDouble.c,1609 :: 		
0x01CD	0x1903      	BTFSC      STATUS, 2
;__Lib_MathDouble.c,1610 :: 		
0x01CE	0x0AF2      	INCF       R2, 1
;__Lib_MathDouble.c,1611 :: 		
0x01CF	0x29E2      	GOTO       INT3216UEOK
;__Lib_MathDouble.c,1613 :: 		
IRES016U:
;__Lib_MathDouble.c,1614 :: 		
0x01D0	0x01F2      	CLRF       R2
;__Lib_MathDouble.c,1615 :: 		
0x01D1	0x01F1      	CLRF       R1
;__Lib_MathDouble.c,1616 :: 		
0x01D2	0x29E2      	GOTO       INT3216UEOK
;__Lib_MathDouble.c,1617 :: 		
SETIOV16U:
;__Lib_MathDouble.c,1618 :: 		
0x01D3	0x147B      	BSF        R11, 0
;__Lib_MathDouble.c,1619 :: 		
0x01D4	0x1FFB      	BTFSS      R11, 7
;__Lib_MathDouble.c,1620 :: 		
0x01D5	0x29E5      	GOTO       INT3216UEER
;__Lib_MathDouble.c,1622 :: 		
0x01D6	0x01F2      	CLRF       R2
;__Lib_MathDouble.c,1623 :: 		
0x01D7	0x1FFA      	BTFSS      R10, 7
;__Lib_MathDouble.c,1624 :: 		
0x01D8	0x29E5      	GOTO       INT3216UEER
;__Lib_MathDouble.c,1625 :: 		
0x01D9	0x30FF      	MOVLW      255
;__Lib_MathDouble.c,1626 :: 		
0x01DA	0x00F2      	MOVWF      R2
;__Lib_MathDouble.c,1627 :: 		
0x01DB	0x00F1      	MOVWF      R1
;__Lib_MathDouble.c,1628 :: 		
0x01DC	0x0DFA      	RLF        R10, 1
;__Lib_MathDouble.c,1629 :: 		
0x01DD	0x0CF2      	RRF        R2, 1
;__Lib_MathDouble.c,1630 :: 		
0x01DE	0x29E5      	GOTO       INT3216UEER
;__Lib_MathDouble.c,1632 :: 		
JPKSETIOV3224:
;__Lib_MathDouble.c,1633 :: 		
0x01DF	0x3001      	MOVLW      1
;__Lib_MathDouble.c,1634 :: 		
0x01E0	0x00FC      	MOVWF      R12
;__Lib_MathDouble.c,1635 :: 		
0x01E1	0x29E7      	GOTO       INT3216UEEE
;__Lib_MathDouble.c,1636 :: 		
INT3216UEOK:
;__Lib_MathDouble.c,1637 :: 		
0x01E2	0x3000      	MOVLW      0
;__Lib_MathDouble.c,1638 :: 		
0x01E3	0x00FC      	MOVWF      R12
;__Lib_MathDouble.c,1639 :: 		
0x01E4	0x29E7      	GOTO       INT3216UEEE
;__Lib_MathDouble.c,1640 :: 		
INT3216UEER:
;__Lib_MathDouble.c,1641 :: 		
0x01E5	0x30FF      	MOVLW      255
;__Lib_MathDouble.c,1642 :: 		
0x01E6	0x00FC      	MOVWF      R12
;__Lib_MathDouble.c,1643 :: 		
INT3216UEEE:
;__Lib_MathDouble.c,1646 :: 		
0x01E7	0x08FC      	MOVF       R12, 1
;__Lib_MathDouble.c,1648 :: 		
0x01E8	0x1903      	BTFSC      STATUS, 2
;__Lib_MathDouble.c,1649 :: 		
0x01E9	0x29EB      	GOTO       L_Double2Word_0
;__Lib_MathDouble.c,1651 :: 		
0x01EA	0x2049      	CALL       _SETIOV3224
;__Lib_MathDouble.c,1653 :: 		
L_Double2Word_0:
;__Lib_MathDouble.c,1654 :: 		
0x01EB	0x0871      	MOVF       R1, 0
;__Lib_MathDouble.c,1655 :: 		
0x01EC	0x00F0      	MOVWF      R0
;__Lib_MathDouble.c,1656 :: 		
0x01ED	0x0872      	MOVF       R2, 0
;__Lib_MathDouble.c,1657 :: 		
0x01EE	0x00F1      	MOVWF      R1
;__Lib_MathDouble.c,1660 :: 		
L_end_double2word:
0x01EF	0x0008      	RETURN
; end of _double2word
_Div_32x32_FP:
;__Lib_MathDouble.c,761 :: 		
;__Lib_MathDouble.c,773 :: 		
;__Lib_MathDouble.c,776 :: 		
0x01F0	0x1283      	BCF        STATUS, 5
0x01F1	0x1303      	BCF        STATUS, 6
0x01F2	0x0874      	MOVF       R4, 0
0x01F3	0x3A00      	XORLW      0
0x01F4	0x1D03      	BTFSS      STATUS, 2
0x01F5	0x2A0B      	GOTO       L_Div_32x32_FP7
;__Lib_MathDouble.c,777 :: 		
0x01F6	0x0875      	MOVF       R5, 0
0x01F7	0x3A00      	XORLW      0
0x01F8	0x1D03      	BTFSS      STATUS, 2
0x01F9	0x2A0B      	GOTO       L_Div_32x32_FP8
;__Lib_MathDouble.c,778 :: 		
0x01FA	0x0876      	MOVF       R6, 0
0x01FB	0x3A00      	XORLW      0
0x01FC	0x1D03      	BTFSS      STATUS, 2
0x01FD	0x2A0B      	GOTO       L_Div_32x32_FP9
;__Lib_MathDouble.c,779 :: 		
0x01FE	0x0877      	MOVF       R7, 0
0x01FF	0x3A00      	XORLW      0
0x0200	0x1D03      	BTFSS      STATUS, 2
0x0201	0x2A0B      	GOTO       L_Div_32x32_FP10
;__Lib_MathDouble.c,780 :: 		
0x0202	0x30FF      	MOVLW      255
0x0203	0x00F0      	MOVWF      R0
;__Lib_MathDouble.c,781 :: 		
0x0204	0x30FF      	MOVLW      255
0x0205	0x00F1      	MOVWF      R1
;__Lib_MathDouble.c,782 :: 		
0x0206	0x307F      	MOVLW      127
0x0207	0x00F2      	MOVWF      R2
;__Lib_MathDouble.c,783 :: 		
0x0208	0x30FF      	MOVLW      255
0x0209	0x00F3      	MOVWF      R3
;__Lib_MathDouble.c,784 :: 		
0x020A	0x2AA6      	GOTO       L_end_Div_32x32_FP
;__Lib_MathDouble.c,785 :: 		
L_Div_32x32_FP10:
L_Div_32x32_FP9:
L_Div_32x32_FP8:
L_Div_32x32_FP7:
;__Lib_MathDouble.c,788 :: 		
0x020B	0x1283      	BCF        STATUS, 5
;__Lib_MathDouble.c,789 :: 		
0x020C	0x1303      	BCF        STATUS, 6
;__Lib_MathDouble.c,791 :: 		
0x020D	0x0877      	MOVF       R7, 0
;__Lib_MathDouble.c,792 :: 		
0x020E	0x1903      	BTFSC      STATUS, 2
;__Lib_MathDouble.c,793 :: 		
0x020F	0x2A9A      	GOTO       JPDSETFDZ32
;__Lib_MathDouble.c,795 :: 		
0x0210	0x0873      	MOVF       R3, 0
;__Lib_MathDouble.c,796 :: 		
0x0211	0x1903      	BTFSC      STATUS, 2
;__Lib_MathDouble.c,797 :: 		
0x0212	0x2A9D      	GOTO       JPDRES032
;__Lib_MathDouble.c,799 :: 		
0x0213	0x0872      	MOVF       R2, 0
;__Lib_MathDouble.c,800 :: 		
0x0214	0x0676      	XORWF      R6, 0
;__Lib_MathDouble.c,801 :: 		
0x0215	0x3980      	ANDLW      128
;__Lib_MathDouble.c,802 :: 		
0x0216	0x00FA      	MOVWF      R10
;__Lib_MathDouble.c,803 :: 		
0x0217	0x17F2      	BSF        R2, 7
;__Lib_MathDouble.c,804 :: 		
0x0218	0x17F6      	BSF        R6, 7
;__Lib_MathDouble.c,806 :: 		
0x0219	0x01A0      	CLRF       __math_tempbD
;__Lib_MathDouble.c,807 :: 		
0x021A	0x0872      	MOVF       R2, 0
;__Lib_MathDouble.c,808 :: 		
0x021B	0x00F8      	MOVWF      R8
;__Lib_MathDouble.c,809 :: 		
0x021C	0x0871      	MOVF       R1, 0
;__Lib_MathDouble.c,810 :: 		
0x021D	0x00FC      	MOVWF      R12
;__Lib_MathDouble.c,811 :: 		
0x021E	0x0870      	MOVF       R0, 0
;__Lib_MathDouble.c,812 :: 		
0x021F	0x00FD      	MOVWF      R13
;__Lib_MathDouble.c,814 :: 		
0x0220	0x0874      	MOVF       R4, 0
;__Lib_MathDouble.c,815 :: 		
0x0221	0x02FD      	SUBWF      R13, 1
;__Lib_MathDouble.c,816 :: 		
0x0222	0x0875      	MOVF       R5, 0
;__Lib_MathDouble.c,817 :: 		
0x0223	0x1C03      	BTFSS      STATUS, 0
;__Lib_MathDouble.c,818 :: 		
0x0224	0x0F75      	INCFSZ     R5, 0
;__Lib_MathDouble.c,820 :: 		
0x0225	0x02FC      	SUBWF      R12, 1
;__Lib_MathDouble.c,821 :: 		
0x0226	0x0876      	MOVF       R6, 0
;__Lib_MathDouble.c,822 :: 		
0x0227	0x1C03      	BTFSS      STATUS, 0
;__Lib_MathDouble.c,823 :: 		
0x0228	0x0F76      	INCFSZ     R6, 0
;__Lib_MathDouble.c,825 :: 		
0x0229	0x02F8      	SUBWF      R8, 1
;__Lib_MathDouble.c,826 :: 		
0x022A	0x01F8      	CLRF       R8
;__Lib_MathDouble.c,827 :: 		
0x022B	0x01FC      	CLRF       R12
;__Lib_MathDouble.c,828 :: 		
0x022C	0x01FD      	CLRF       R13
;__Lib_MathDouble.c,829 :: 		
0x022D	0x1C03      	BTFSS      STATUS, 0
;__Lib_MathDouble.c,830 :: 		
0x022E	0x2A36      	GOTO       DALIGN32OK
;__Lib_MathDouble.c,832 :: 		
0x022F	0x1003      	BCF        STATUS, 0
;__Lib_MathDouble.c,833 :: 		
0x0230	0x0CF2      	RRF        R2, 1
;__Lib_MathDouble.c,834 :: 		
0x0231	0x0CF1      	RRF        R1, 1
;__Lib_MathDouble.c,835 :: 		
0x0232	0x0CF0      	RRF        R0, 1
;__Lib_MathDouble.c,836 :: 		
0x0233	0x0CF8      	RRF        R8, 1
;__Lib_MathDouble.c,837 :: 		
0x0234	0x3001      	MOVLW      1
;__Lib_MathDouble.c,838 :: 		
0x0235	0x00A0      	MOVWF      __math_tempbD
;__Lib_MathDouble.c,839 :: 		
DALIGN32OK:
;__Lib_MathDouble.c,840 :: 		
0x0236	0x0877      	MOVF       R7, 0
;__Lib_MathDouble.c,841 :: 		
0x0237	0x02F3      	SUBWF      R3, 1
;__Lib_MathDouble.c,842 :: 		
0x0238	0x1C03      	BTFSS      STATUS, 0
;__Lib_MathDouble.c,843 :: 		
0x0239	0x2A40      	GOTO       ALTB32
;__Lib_MathDouble.c,845 :: 		
0x023A	0x307E      	MOVLW      126
;__Lib_MathDouble.c,846 :: 		
0x023B	0x0720      	ADDWF      __math_tempbD, 0
;__Lib_MathDouble.c,847 :: 		
0x023C	0x07F3      	ADDWF      R3, 1
;__Lib_MathDouble.c,848 :: 		
0x023D	0x1803      	BTFSC      STATUS, 0
;__Lib_MathDouble.c,849 :: 		
0x023E	0x2AA0      	GOTO       JPDSETFOV32
;__Lib_MathDouble.c,850 :: 		
0x023F	0x2A45      	GOTO       DARGOK32
;__Lib_MathDouble.c,851 :: 		
ALTB32:
;__Lib_MathDouble.c,852 :: 		
0x0240	0x307E      	MOVLW      126
;__Lib_MathDouble.c,853 :: 		
0x0241	0x0720      	ADDWF      __math_tempbD, 0
;__Lib_MathDouble.c,854 :: 		
0x0242	0x07F3      	ADDWF      R3, 1
;__Lib_MathDouble.c,855 :: 		
0x0243	0x1C03      	BTFSS      STATUS, 0
;__Lib_MathDouble.c,856 :: 		
0x0244	0x2AA3      	GOTO       JPDSETFUN32
;__Lib_MathDouble.c,857 :: 		
DARGOK32:
;__Lib_MathDouble.c,858 :: 		
0x0245	0x3018      	MOVLW      24
;__Lib_MathDouble.c,860 :: 		
0x0246	0x07FA      	ADDWF      R10, 1
;__Lib_MathDouble.c,861 :: 		
DLOOP32:
;__Lib_MathDouble.c,862 :: 		
0x0247	0x0DFD      	RLF        R13, 1
;__Lib_MathDouble.c,863 :: 		
0x0248	0x0DFC      	RLF        R12, 1
;__Lib_MathDouble.c,864 :: 		
0x0249	0x0DF8      	RLF        R8, 1
;__Lib_MathDouble.c,865 :: 		
0x024A	0x0DF0      	RLF        R0, 1
;__Lib_MathDouble.c,866 :: 		
0x024B	0x0DF1      	RLF        R1, 1
;__Lib_MathDouble.c,867 :: 		
0x024C	0x0DF2      	RLF        R2, 1
;__Lib_MathDouble.c,868 :: 		
0x024D	0x0DA0      	RLF        __math_tempbD, 1
;__Lib_MathDouble.c,870 :: 		
0x024E	0x0874      	MOVF       R4, 0
;__Lib_MathDouble.c,871 :: 		
0x024F	0x02F0      	SUBWF      R0, 1
;__Lib_MathDouble.c,872 :: 		
0x0250	0x0875      	MOVF       R5, 0
;__Lib_MathDouble.c,873 :: 		
0x0251	0x1C03      	BTFSS      STATUS, 0
;__Lib_MathDouble.c,874 :: 		
0x0252	0x0F75      	INCFSZ     R5, 0
;__Lib_MathDouble.c,876 :: 		
0x0253	0x02F1      	SUBWF      R1, 1
;__Lib_MathDouble.c,877 :: 		
0x0254	0x0876      	MOVF       R6, 0
;__Lib_MathDouble.c,878 :: 		
0x0255	0x1C03      	BTFSS      STATUS, 0
;__Lib_MathDouble.c,879 :: 		
0x0256	0x0F76      	INCFSZ     R6, 0
;__Lib_MathDouble.c,881 :: 		
0x0257	0x02F2      	SUBWF      R2, 1
;__Lib_MathDouble.c,882 :: 		
0x0258	0x0D76      	RLF        R6, 0
;__Lib_MathDouble.c,883 :: 		
0x0259	0x04A0      	IORWF      __math_tempbD, 1
;__Lib_MathDouble.c,884 :: 		
0x025A	0x1C20      	BTFSS      __math_tempbD, 0
;__Lib_MathDouble.c,885 :: 		
0x025B	0x2A5E      	GOTO       DREST32
;__Lib_MathDouble.c,886 :: 		
0x025C	0x147D      	BSF        R13, 0
;__Lib_MathDouble.c,887 :: 		
0x025D	0x2A69      	GOTO       DOK32
;__Lib_MathDouble.c,888 :: 		
DREST32:
;__Lib_MathDouble.c,889 :: 		
0x025E	0x0874      	MOVF       R4, 0
;__Lib_MathDouble.c,890 :: 		
0x025F	0x07F0      	ADDWF      R0, 1
;__Lib_MathDouble.c,891 :: 		
0x0260	0x0875      	MOVF       R5, 0
;__Lib_MathDouble.c,892 :: 		
0x0261	0x1803      	BTFSC      STATUS, 0
;__Lib_MathDouble.c,893 :: 		
0x0262	0x0F75      	INCFSZ     R5, 0
;__Lib_MathDouble.c,895 :: 		
0x0263	0x07F1      	ADDWF      R1, 1
;__Lib_MathDouble.c,896 :: 		
0x0264	0x0876      	MOVF       R6, 0
;__Lib_MathDouble.c,897 :: 		
0x0265	0x1803      	BTFSC      STATUS, 0
;__Lib_MathDouble.c,898 :: 		
0x0266	0x0A76      	INCF       R6, 0
;__Lib_MathDouble.c,899 :: 		
0x0267	0x07F2      	ADDWF      R2, 1
;__Lib_MathDouble.c,900 :: 		
0x0268	0x107D      	BCF        R13, 0
;__Lib_MathDouble.c,901 :: 		
DOK32:
;__Lib_MathDouble.c,903 :: 		
0x0269	0x03FA      	DECF       R10, 1
;__Lib_MathDouble.c,904 :: 		
0x026A	0x301F      	MOVLW      31
;__Lib_MathDouble.c,905 :: 		
0x026B	0x057A      	ANDWF      R10, 0
;__Lib_MathDouble.c,906 :: 		
0x026C	0x1D03      	BTFSS      STATUS, 2
;__Lib_MathDouble.c,907 :: 		
0x026D	0x2A47      	GOTO       DLOOP32
;__Lib_MathDouble.c,909 :: 		
0x026E	0x1B7B      	BTFSC      R11, 6
;__Lib_MathDouble.c,910 :: 		
0x026F	0x1C7D      	BTFSS      R13, 0
;__Lib_MathDouble.c,911 :: 		
0x0270	0x2A90      	GOTO       DIV32OK
;__Lib_MathDouble.c,912 :: 		
0x0271	0x1003      	BCF        STATUS, 0
;__Lib_MathDouble.c,913 :: 		
0x0272	0x0DF0      	RLF        R0, 1
;__Lib_MathDouble.c,914 :: 		
0x0273	0x0DF1      	RLF        R1, 1
;__Lib_MathDouble.c,915 :: 		
0x0274	0x0DF2      	RLF        R2, 1
;__Lib_MathDouble.c,916 :: 		
0x0275	0x0DA0      	RLF        __math_tempbD, 1
;__Lib_MathDouble.c,918 :: 		
0x0276	0x0874      	MOVF       R4, 0
;__Lib_MathDouble.c,919 :: 		
0x0277	0x02F0      	SUBWF      R0, 1
;__Lib_MathDouble.c,920 :: 		
0x0278	0x0875      	MOVF       R5, 0
;__Lib_MathDouble.c,921 :: 		
0x0279	0x1C03      	BTFSS      STATUS, 0
;__Lib_MathDouble.c,922 :: 		
0x027A	0x0F75      	INCFSZ     R5, 0
;__Lib_MathDouble.c,923 :: 		
0x027B	0x02F1      	SUBWF      R1, 1
;__Lib_MathDouble.c,924 :: 		
0x027C	0x0876      	MOVF       R6, 0
;__Lib_MathDouble.c,925 :: 		
0x027D	0x1C03      	BTFSS      STATUS, 0
;__Lib_MathDouble.c,926 :: 		
0x027E	0x0F76      	INCFSZ     R6, 0
;__Lib_MathDouble.c,927 :: 		
0x027F	0x02F2      	SUBWF      R2, 1
;__Lib_MathDouble.c,928 :: 		
0x0280	0x0D76      	RLF        R6, 0
;__Lib_MathDouble.c,929 :: 		
0x0281	0x0420      	IORWF      __math_tempbD, 0
;__Lib_MathDouble.c,930 :: 		
0x0282	0x3901      	ANDLW      1
;__Lib_MathDouble.c,931 :: 		
0x0283	0x07FD      	ADDWF      R13, 1
;__Lib_MathDouble.c,932 :: 		
0x0284	0x1803      	BTFSC      STATUS, 0
;__Lib_MathDouble.c,933 :: 		
0x0285	0x0AFC      	INCF       R12, 1
;__Lib_MathDouble.c,934 :: 		
0x0286	0x1903      	BTFSC      STATUS, 2
;__Lib_MathDouble.c,935 :: 		
0x0287	0x0AF8      	INCF       R8, 1
;__Lib_MathDouble.c,936 :: 		
0x0288	0x1D03      	BTFSS      STATUS, 2
;__Lib_MathDouble.c,937 :: 		
0x0289	0x2A90      	GOTO       DIV32OK
;__Lib_MathDouble.c,938 :: 		
0x028A	0x0CF8      	RRF        R8, 1
;__Lib_MathDouble.c,939 :: 		
0x028B	0x0CFC      	RRF        R12, 1
;__Lib_MathDouble.c,940 :: 		
0x028C	0x0CFD      	RRF        R13, 1
;__Lib_MathDouble.c,941 :: 		
0x028D	0x0AF3      	INCF       R3, 1
;__Lib_MathDouble.c,942 :: 		
0x028E	0x1903      	BTFSC      STATUS, 2
;__Lib_MathDouble.c,943 :: 		
0x028F	0x2AA0      	GOTO       JPDSETFOV32
;__Lib_MathDouble.c,944 :: 		
DIV32OK:
;__Lib_MathDouble.c,945 :: 		
0x0290	0x1FFA      	BTFSS      R10, 7
;__Lib_MathDouble.c,946 :: 		
0x0291	0x13F8      	BCF        R8, 7
;__Lib_MathDouble.c,947 :: 		
0x0292	0x0878      	MOVF       R8, 0
;__Lib_MathDouble.c,948 :: 		
0x0293	0x00F2      	MOVWF      R2
;__Lib_MathDouble.c,949 :: 		
0x0294	0x087C      	MOVF       R12, 0
;__Lib_MathDouble.c,950 :: 		
0x0295	0x00F1      	MOVWF      R1
;__Lib_MathDouble.c,951 :: 		
0x0296	0x087D      	MOVF       R13, 0
;__Lib_MathDouble.c,952 :: 		
0x0297	0x00F0      	MOVWF      R0
;__Lib_MathDouble.c,954 :: 		
0x0298	0x3000      	MOVLW      0
;__Lib_MathDouble.c,956 :: 		
0x0299	0x2AA5      	GOTO       DIV32EEE
;__Lib_MathDouble.c,957 :: 		
JPDSETFDZ32:
;__Lib_MathDouble.c,958 :: 		
0x029A	0x3001      	MOVLW      1
;__Lib_MathDouble.c,961 :: 		
0x029B	0x2046      	CALL       _SETFDZ32
;__Lib_MathDouble.c,963 :: 		
0x029C	0x2AA5      	GOTO       DIV32EEE
;__Lib_MathDouble.c,964 :: 		
JPDRES032:
;__Lib_MathDouble.c,965 :: 		
0x029D	0x3002      	MOVLW      2
;__Lib_MathDouble.c,968 :: 		
0x029E	0x203F      	CALL       _RES032
;__Lib_MathDouble.c,970 :: 		
0x029F	0x2AA5      	GOTO       DIV32EEE
;__Lib_MathDouble.c,971 :: 		
JPDSETFOV32:
;__Lib_MathDouble.c,972 :: 		
0x02A0	0x3004      	MOVLW      4
;__Lib_MathDouble.c,975 :: 		
0x02A1	0x2056      	CALL       _SETFOV32
;__Lib_MathDouble.c,977 :: 		
0x02A2	0x2AA5      	GOTO       DIV32EEE
;__Lib_MathDouble.c,978 :: 		
JPDSETFUN32:
;__Lib_MathDouble.c,979 :: 		
0x02A3	0x3008      	MOVLW      8
;__Lib_MathDouble.c,982 :: 		
0x02A4	0x2007      	CALL       _SETFUN32
;__Lib_MathDouble.c,984 :: 		
DIV32EEE:
;__Lib_MathDouble.c,985 :: 		
0x02A5	0x0000      	NOP
;__Lib_MathDouble.c,994 :: 		
L_end_Div_32x32_FP:
0x02A6	0x0008      	RETURN
; end of _Div_32x32_FP
_ControlFan:
;MyProject.c,164 :: 		void ControlFan() {
;MyProject.c,165 :: 		if (SWITCH_PIN) {
0x02A7	0x1283      	BCF        STATUS, 5
0x02A8	0x1303      	BCF        STATUS, 6
0x02A9	0x1D88      	BTFSS      PORTD, 3
0x02AA	0x2AAE      	GOTO       L_ControlFan14
;MyProject.c,166 :: 		FAN_FORWARD = 1;
0x02AB	0x1488      	BSF        PORTD, 1
;MyProject.c,167 :: 		FAN_BACKWARD = 0;
0x02AC	0x1108      	BCF        PORTD, 2
;MyProject.c,168 :: 		} else {
0x02AD	0x2AB0      	GOTO       L_ControlFan15
L_ControlFan14:
;MyProject.c,169 :: 		FAN_FORWARD = 0;
0x02AE	0x1088      	BCF        PORTD, 1
;MyProject.c,170 :: 		FAN_BACKWARD = 0;
0x02AF	0x1108      	BCF        PORTD, 2
;MyProject.c,171 :: 		}
L_ControlFan15:
;MyProject.c,172 :: 		}
L_end_ControlFan:
0x02B0	0x0008      	RETURN
; end of _ControlFan
_Stop:
;MyProject.c,127 :: 		void Stop() {
;MyProject.c,128 :: 		LEFT_MOTOR_FORWARD = 0;
0x02B1	0x1283      	BCF        STATUS, 5
0x02B2	0x1303      	BCF        STATUS, 6
0x02B3	0x1207      	BCF        PORTC, 4
;MyProject.c,129 :: 		LEFT_MOTOR_BACKWARD = 0;
0x02B4	0x1287      	BCF        PORTC, 5
;MyProject.c,130 :: 		RIGHT_MOTOR_FORWARD = 0;
0x02B5	0x1307      	BCF        PORTC, 6
;MyProject.c,131 :: 		RIGHT_MOTOR_BACKWARD = 0;
0x02B6	0x1387      	BCF        PORTC, 7
;MyProject.c,133 :: 		}
L_end_Stop:
0x02B7	0x0008      	RETURN
; end of _Stop
_MoveBackward:
;MyProject.c,106 :: 		void MoveBackward() {
;MyProject.c,107 :: 		LEFT_MOTOR_FORWARD = 0;
0x02B8	0x1283      	BCF        STATUS, 5
0x02B9	0x1303      	BCF        STATUS, 6
0x02BA	0x1207      	BCF        PORTC, 4
;MyProject.c,108 :: 		LEFT_MOTOR_BACKWARD = 1;
0x02BB	0x1687      	BSF        PORTC, 5
;MyProject.c,109 :: 		RIGHT_MOTOR_FORWARD = 0;
0x02BC	0x1307      	BCF        PORTC, 6
;MyProject.c,110 :: 		RIGHT_MOTOR_BACKWARD = 1;
0x02BD	0x1787      	BSF        PORTC, 7
;MyProject.c,111 :: 		}
L_end_MoveBackward:
0x02BE	0x0008      	RETURN
; end of _MoveBackward
_TurnLeft:
;MyProject.c,113 :: 		void TurnLeft() {
;MyProject.c,114 :: 		LEFT_MOTOR_FORWARD = 0;
0x02BF	0x1283      	BCF        STATUS, 5
0x02C0	0x1303      	BCF        STATUS, 6
0x02C1	0x1207      	BCF        PORTC, 4
;MyProject.c,115 :: 		LEFT_MOTOR_BACKWARD = 1;
0x02C2	0x1687      	BSF        PORTC, 5
;MyProject.c,116 :: 		RIGHT_MOTOR_FORWARD = 1;
0x02C3	0x1707      	BSF        PORTC, 6
;MyProject.c,117 :: 		RIGHT_MOTOR_BACKWARD = 0;
0x02C4	0x1387      	BCF        PORTC, 7
;MyProject.c,118 :: 		}
L_end_TurnLeft:
0x02C5	0x0008      	RETURN
; end of _TurnLeft
_Initialize:
;MyProject.c,34 :: 		void Initialize() {
;MyProject.c,36 :: 		setupPWM();
0x02C6	0x213B      	CALL       _setupPWM
;MyProject.c,38 :: 		TRISB = 0x3E; // Set RB0, RB2, RB4 as outputs (TRIG), and RB1, RB3, RB5 as inputs (ECHO)
0x02C7	0x303E      	MOVLW      62
0x02C8	0x1683      	BSF        STATUS, 5
0x02C9	0x0086      	MOVWF      TRISB
;MyProject.c,41 :: 		TRISC = 0x00; // Set PORTC as output
0x02CA	0x0187      	CLRF       TRISC
;MyProject.c,42 :: 		PORTC = 0x00; // Initialize PORTC to 0
0x02CB	0x1283      	BCF        STATUS, 5
0x02CC	0x0187      	CLRF       PORTC
;MyProject.c,45 :: 		TRISD.F0 = 0; // Set RD0 as output
0x02CD	0x1683      	BSF        STATUS, 5
0x02CE	0x1008      	BCF        TRISD, 0
;MyProject.c,48 :: 		TRISD.F1 = 0; // Set RD1 as output
0x02CF	0x1088      	BCF        TRISD, 1
;MyProject.c,49 :: 		TRISD.F2 = 0; // Set RD2 as output
0x02D0	0x1108      	BCF        TRISD, 2
;MyProject.c,52 :: 		TRISD.F3 = 1; // Set RD3 as input
0x02D1	0x1588      	BSF        TRISD, 3
;MyProject.c,53 :: 		TRISD.F4 = 1; // Set RD3 as input
0x02D2	0x1608      	BSF        TRISD, 4
;MyProject.c,55 :: 		OPTION_REG = 0x07; // Timer0 with 1:256 prescaler
0x02D3	0x3007      	MOVLW      7
0x02D4	0x0081      	MOVWF      OPTION_REG
;MyProject.c,58 :: 		T1CON = 0x10; // Timer1 with 1:2 prescaler, T1OSCEN = 1 (oscillator enabled), and the timer is off
0x02D5	0x3010      	MOVLW      16
0x02D6	0x1283      	BCF        STATUS, 5
0x02D7	0x0090      	MOVWF      T1CON
;MyProject.c,60 :: 		}
L_end_Initialize:
0x02D8	0x0008      	RETURN
; end of _Initialize
_MoveForward:
;MyProject.c,99 :: 		void MoveForward() {
;MyProject.c,100 :: 		LEFT_MOTOR_FORWARD = 1;
0x02D9	0x1283      	BCF        STATUS, 5
0x02DA	0x1303      	BCF        STATUS, 6
0x02DB	0x1607      	BSF        PORTC, 4
;MyProject.c,101 :: 		LEFT_MOTOR_BACKWARD = 0;
0x02DC	0x1287      	BCF        PORTC, 5
;MyProject.c,102 :: 		RIGHT_MOTOR_FORWARD = 1;
0x02DD	0x1707      	BSF        PORTC, 6
;MyProject.c,103 :: 		RIGHT_MOTOR_BACKWARD = 0;
0x02DE	0x1387      	BCF        PORTC, 7
;MyProject.c,104 :: 		}
L_end_MoveForward:
0x02DF	0x0008      	RETURN
; end of _MoveForward
_ReadUltrasonicSensor:
;MyProject.c,78 :: 		unsigned int ReadUltrasonicSensor() {
;MyProject.c,82 :: 		TRIG_FRONT = 1;
0x02E0	0x1283      	BCF        STATUS, 5
0x02E1	0x1303      	BCF        STATUS, 6
0x02E2	0x1406      	BSF        PORTB, 0
;MyProject.c,83 :: 		Delay_us(10);
0x02E3	0x3003      	MOVLW      3
0x02E4	0x00FD      	MOVWF      R13
L_ReadUltrasonicSensor7:
0x02E5	0x0BFD      	DECFSZ     R13, 1
0x02E6	0x2AE5      	GOTO       L_ReadUltrasonicSensor7
;MyProject.c,84 :: 		TRIG_FRONT = 0;
0x02E7	0x1006      	BCF        PORTB, 0
;MyProject.c,87 :: 		while (!ECHO_FRONT);
L_ReadUltrasonicSensor8:
0x02E8	0x1886      	BTFSC      PORTB, 1
0x02E9	0x2AEB      	GOTO       L_ReadUltrasonicSensor9
0x02EA	0x2AE8      	GOTO       L_ReadUltrasonicSensor8
L_ReadUltrasonicSensor9:
;MyProject.c,88 :: 		TMR1H = 0;  // Clear high byte of Timer1
0x02EB	0x018F      	CLRF       TMR1H
;MyProject.c,89 :: 		TMR1L = 0;  // Clear low byte of Timer1
0x02EC	0x018E      	CLRF       TMR1L
;MyProject.c,90 :: 		T1CON.F0 = 1;  // Start Timer1
0x02ED	0x1410      	BSF        T1CON, 0
;MyProject.c,91 :: 		while (ECHO_FRONT);
L_ReadUltrasonicSensor10:
0x02EE	0x1C86      	BTFSS      PORTB, 1
0x02EF	0x2AF1      	GOTO       L_ReadUltrasonicSensor11
0x02F0	0x2AEE      	GOTO       L_ReadUltrasonicSensor10
L_ReadUltrasonicSensor11:
;MyProject.c,92 :: 		time = (TMR1H << 8) | TMR1L;  // Read Timer1 value
0x02F1	0x080F      	MOVF       TMR1H, 0
0x02F2	0x00F1      	MOVWF      R0+1
0x02F3	0x01F0      	CLRF       R0
0x02F4	0x080E      	MOVF       TMR1L, 0
0x02F5	0x04F0      	IORWF      R0, 1
0x02F6	0x3000      	MOVLW      0
0x02F7	0x04F1      	IORWF      R0+1, 1
;MyProject.c,93 :: 		T1CON.F0 = 0;  // Stop Timer1
0x02F8	0x1010      	BCF        T1CON, 0
;MyProject.c,96 :: 		return (time /13.51);
0x02F9	0x2125      	CALL       _word2double
0x02FA	0x30F6      	MOVLW      246
0x02FB	0x00F4      	MOVWF      R4
0x02FC	0x3028      	MOVLW      40
0x02FD	0x00F5      	MOVWF      R4+1
0x02FE	0x3058      	MOVLW      88
0x02FF	0x00F6      	MOVWF      R4+2
0x0300	0x3082      	MOVLW      130
0x0301	0x00F7      	MOVWF      R4+3
0x0302	0x21F0      	CALL       _Div_32x32_FP
0x0303	0x2191      	CALL       _double2word
;MyProject.c,97 :: 		}
L_end_ReadUltrasonicSensor:
0x0304	0x0008      	RETURN
; end of _ReadUltrasonicSensor
_RaiseFlag:
;MyProject.c,148 :: 		void RaiseFlag() {
;MyProject.c,150 :: 		moveServo(90);
0x0305	0x305A      	MOVLW      90
0x0306	0x1283      	BCF        STATUS, 5
0x0307	0x1303      	BCF        STATUS, 6
0x0308	0x00A5      	MOVWF      FARG_moveServo_angle
0x0309	0x3000      	MOVLW      0
0x030A	0x00A6      	MOVWF      FARG_moveServo_angle+1
0x030B	0x2149      	CALL       _moveServo
;MyProject.c,151 :: 		Delay_ms(1000);
0x030C	0x3006      	MOVLW      6
0x030D	0x00FB      	MOVWF      R11
0x030E	0x3013      	MOVLW      19
0x030F	0x00FC      	MOVWF      R12
0x0310	0x30AD      	MOVLW      173
0x0311	0x00FD      	MOVWF      R13
L_RaiseFlag12:
0x0312	0x0BFD      	DECFSZ     R13, 1
0x0313	0x2B12      	GOTO       L_RaiseFlag12
0x0314	0x0BFC      	DECFSZ     R12, 1
0x0315	0x2B12      	GOTO       L_RaiseFlag12
0x0316	0x0BFB      	DECFSZ     R11, 1
0x0317	0x2B12      	GOTO       L_RaiseFlag12
0x0318	0x0000      	NOP
0x0319	0x0000      	NOP
;MyProject.c,152 :: 		moveServo(0);
0x031A	0x01A5      	CLRF       FARG_moveServo_angle
0x031B	0x01A6      	CLRF       FARG_moveServo_angle+1
0x031C	0x2149      	CALL       _moveServo
;MyProject.c,153 :: 		Delay_ms(1000);}
0x031D	0x3006      	MOVLW      6
0x031E	0x00FB      	MOVWF      R11
0x031F	0x3013      	MOVLW      19
0x0320	0x00FC      	MOVWF      R12
0x0321	0x30AD      	MOVLW      173
0x0322	0x00FD      	MOVWF      R13
L_RaiseFlag13:
0x0323	0x0BFD      	DECFSZ     R13, 1
0x0324	0x2B23      	GOTO       L_RaiseFlag13
0x0325	0x0BFC      	DECFSZ     R12, 1
0x0326	0x2B23      	GOTO       L_RaiseFlag13
0x0327	0x0BFB      	DECFSZ     R11, 1
0x0328	0x2B23      	GOTO       L_RaiseFlag13
0x0329	0x0000      	NOP
0x032A	0x0000      	NOP
L_end_RaiseFlag:
0x032B	0x0008      	RETURN
; end of _RaiseFlag
_main:
;MyProject.c,174 :: 		void main() {
;MyProject.c,175 :: 		Initialize();
0x032C	0x22C6      	CALL       _Initialize
;MyProject.c,177 :: 		RaiseFlag(); // Raise the flag before starting
0x032D	0x2305      	CALL       _RaiseFlag
;MyProject.c,179 :: 		while(IR_PIN){
L_main16:
0x032E	0x1E08      	BTFSS      PORTD, 4
0x032F	0x2B98      	GOTO       L_main17
;MyProject.c,180 :: 		ControlFan();
0x0330	0x22A7      	CALL       _ControlFan
;MyProject.c,181 :: 		distance_front = ReadUltrasonicSensor();
0x0331	0x22E0      	CALL       _ReadUltrasonicSensor
0x0332	0x0870      	MOVF       R0, 0
0x0333	0x00A1      	MOVWF      _distance_front
0x0334	0x0871      	MOVF       R0+1, 0
0x0335	0x00A2      	MOVWF      _distance_front+1
;MyProject.c,183 :: 		if (distance_front < 20) { // Distance threshold in cm
0x0336	0x3000      	MOVLW      0
0x0337	0x0271      	SUBWF      R0+1, 0
0x0338	0x1D03      	BTFSS      STATUS, 2
0x0339	0x2B3C      	GOTO       L__main42
0x033A	0x3014      	MOVLW      20
0x033B	0x0270      	SUBWF      R0, 0
L__main42:
0x033C	0x1803      	BTFSC      STATUS, 0
0x033D	0x2B88      	GOTO       L_main18
;MyProject.c,184 :: 		Stop();
0x033E	0x22B1      	CALL       _Stop
;MyProject.c,185 :: 		Delay_ms(500); // Pause for 500 ms
0x033F	0x3003      	MOVLW      3
0x0340	0x00FB      	MOVWF      R11
0x0341	0x308A      	MOVLW      138
0x0342	0x00FC      	MOVWF      R12
0x0343	0x3055      	MOVLW      85
0x0344	0x00FD      	MOVWF      R13
L_main19:
0x0345	0x0BFD      	DECFSZ     R13, 1
0x0346	0x2B45      	GOTO       L_main19
0x0347	0x0BFC      	DECFSZ     R12, 1
0x0348	0x2B45      	GOTO       L_main19
0x0349	0x0BFB      	DECFSZ     R11, 1
0x034A	0x2B45      	GOTO       L_main19
0x034B	0x0000      	NOP
0x034C	0x0000      	NOP
;MyProject.c,186 :: 		MoveBackward();
0x034D	0x22B8      	CALL       _MoveBackward
;MyProject.c,187 :: 		Delay_ms(200); // Move backward for 500 ms
0x034E	0x3002      	MOVLW      2
0x034F	0x00FB      	MOVWF      R11
0x0350	0x3004      	MOVLW      4
0x0351	0x00FC      	MOVWF      R12
0x0352	0x30BA      	MOVLW      186
0x0353	0x00FD      	MOVWF      R13
L_main20:
0x0354	0x0BFD      	DECFSZ     R13, 1
0x0355	0x2B54      	GOTO       L_main20
0x0356	0x0BFC      	DECFSZ     R12, 1
0x0357	0x2B54      	GOTO       L_main20
0x0358	0x0BFB      	DECFSZ     R11, 1
0x0359	0x2B54      	GOTO       L_main20
0x035A	0x0000      	NOP
;MyProject.c,188 :: 		Stop();
0x035B	0x22B1      	CALL       _Stop
;MyProject.c,189 :: 		Delay_ms(500);
0x035C	0x3003      	MOVLW      3
0x035D	0x00FB      	MOVWF      R11
0x035E	0x308A      	MOVLW      138
0x035F	0x00FC      	MOVWF      R12
0x0360	0x3055      	MOVLW      85
0x0361	0x00FD      	MOVWF      R13
L_main21:
0x0362	0x0BFD      	DECFSZ     R13, 1
0x0363	0x2B62      	GOTO       L_main21
0x0364	0x0BFC      	DECFSZ     R12, 1
0x0365	0x2B62      	GOTO       L_main21
0x0366	0x0BFB      	DECFSZ     R11, 1
0x0367	0x2B62      	GOTO       L_main21
0x0368	0x0000      	NOP
0x0369	0x0000      	NOP
;MyProject.c,190 :: 		TurnLeft();
0x036A	0x22BF      	CALL       _TurnLeft
;MyProject.c,191 :: 		Delay_ms(350);
0x036B	0x3002      	MOVLW      2
0x036C	0x00FB      	MOVWF      R11
0x036D	0x30C7      	MOVLW      199
0x036E	0x00FC      	MOVWF      R12
0x036F	0x3088      	MOVLW      136
0x0370	0x00FD      	MOVWF      R13
L_main22:
0x0371	0x0BFD      	DECFSZ     R13, 1
0x0372	0x2B71      	GOTO       L_main22
0x0373	0x0BFC      	DECFSZ     R12, 1
0x0374	0x2B71      	GOTO       L_main22
0x0375	0x0BFB      	DECFSZ     R11, 1
0x0376	0x2B71      	GOTO       L_main22
0x0377	0x0000      	NOP
;MyProject.c,192 :: 		Stop();
0x0378	0x22B1      	CALL       _Stop
;MyProject.c,193 :: 		Delay_ms(1000);
0x0379	0x3006      	MOVLW      6
0x037A	0x00FB      	MOVWF      R11
0x037B	0x3013      	MOVLW      19
0x037C	0x00FC      	MOVWF      R12
0x037D	0x30AD      	MOVLW      173
0x037E	0x00FD      	MOVWF      R13
L_main23:
0x037F	0x0BFD      	DECFSZ     R13, 1
0x0380	0x2B7F      	GOTO       L_main23
0x0381	0x0BFC      	DECFSZ     R12, 1
0x0382	0x2B7F      	GOTO       L_main23
0x0383	0x0BFB      	DECFSZ     R11, 1
0x0384	0x2B7F      	GOTO       L_main23
0x0385	0x0000      	NOP
0x0386	0x0000      	NOP
;MyProject.c,194 :: 		}
0x0387	0x2B97      	GOTO       L_main24
L_main18:
;MyProject.c,196 :: 		MoveForward();
0x0388	0x22D9      	CALL       _MoveForward
;MyProject.c,197 :: 		Delay_ms(500);
0x0389	0x3003      	MOVLW      3
0x038A	0x00FB      	MOVWF      R11
0x038B	0x308A      	MOVLW      138
0x038C	0x00FC      	MOVWF      R12
0x038D	0x3055      	MOVLW      85
0x038E	0x00FD      	MOVWF      R13
L_main25:
0x038F	0x0BFD      	DECFSZ     R13, 1
0x0390	0x2B8F      	GOTO       L_main25
0x0391	0x0BFC      	DECFSZ     R12, 1
0x0392	0x2B8F      	GOTO       L_main25
0x0393	0x0BFB      	DECFSZ     R11, 1
0x0394	0x2B8F      	GOTO       L_main25
0x0395	0x0000      	NOP
0x0396	0x0000      	NOP
;MyProject.c,199 :: 		}
L_main24:
;MyProject.c,205 :: 		}
0x0397	0x2B2E      	GOTO       L_main16
L_main17:
;MyProject.c,206 :: 		Stop();
0x0398	0x22B1      	CALL       _Stop
;MyProject.c,207 :: 		FAN_FORWARD = 0;
0x0399	0x1088      	BCF        PORTD, 1
;MyProject.c,208 :: 		FAN_BACKWARD = 0;
0x039A	0x1108      	BCF        PORTD, 2
;MyProject.c,210 :: 		}
L_end_main:
0x039B	0x2B9B      	GOTO       $+0
; end of _main
Symbol List:
//** Routines locations **
//ADDRESS    SIZE    PROCEDURE
//----------------------------------------------
0x0003       [4]    _FIXSIGN32
0x0007      [12]    _SETFUN32
0x0013      [44]    _Div_16x16_S_L
0x003F       [7]    _RES032
0x0046       [3]    _SETFDZ32
0x0049      [13]    _SETIOV3224
0x0056      [12]    _SETFOV32
0x0062      [43]    _Mul_16X16_U
0x008D     [105]    _Div_16x16_S
0x00F6      [47]    _NRM3232
0x0125      [22]    _word2double
0x013B      [14]    _setupPWM
0x0149      [72]    _moveServo
0x0191      [95]    _double2word
0x01F0     [183]    _Div_32x32_FP
0x02A7      [10]    _ControlFan
0x02B1       [7]    _Stop
0x02B8       [7]    _MoveBackward
0x02BF       [7]    _TurnLeft
0x02C6      [19]    _Initialize
0x02D9       [7]    _MoveForward
0x02E0      [37]    _ReadUltrasonicSensor
0x0305      [39]    _RaiseFlag
0x032C     [112]    _main
//** Variables locations ** 
//ADDRESS    SIZE    VARIABLE
//----------------------------------------------
0x0000       [1]    INDF
0x0003       [1]    STATUS
0x0004       [1]    FSR
0x0006       [1]    PORTB
0x0007       [1]    PORTC
0x0008       [1]    PORTD
0x000A       [1]    PCLATH
0x000E       [1]    TMR1L
0x000F       [1]    TMR1H
0x0010       [1]    T1CON
0x0012       [1]    T2CON
0x0015       [1]    CCPR1L
0x0017       [1]    CCP1CON
0x0020       [1]    __math_tempbD
0x0021       [2]    _distance_front
0x0023       [2]    ___DoICPAddr
0x0025       [2]    FARG_moveServo_angle
0x0070       [1]    R0
0x0071       [1]    R1
0x0072       [1]    R2
0x0073       [1]    R3
0x0074       [1]    R4
0x0075       [1]    R5
0x0076       [1]    R6
0x0077       [1]    R7
0x0078       [1]    R8
0x0079       [1]    R9
0x007A       [1]    R10
0x007B       [1]    R11
0x007C       [1]    R12
0x007D       [1]    R13
0x007E       [1]    R14
0x007F       [1]    R15
0x0081       [1]    OPTION_REG
0x0086       [1]    TRISB
0x0087       [1]    TRISC
0x0088       [1]    TRISD
0x0092       [1]    PR2
